This file contains any messages produced by compilers while
running configure, to aid debugging if configure makes a mistake.

It was created by avrdude configure 5.3.1, which was
generated by GNU Autoconf 2.59.  Invocation command line was

  $ ./configure 

## --------- ##
## Platform. ##
## --------- ##

hostname = Ardar
uname -m = i686
uname -r = 3.2.0-36-generic-pae
uname -s = Linux
uname -v = #57-Ubuntu SMP Tue Jan 8 22:01:06 UTC 2013

/usr/bin/uname -p = unknown
/bin/uname -X     = unknown

/bin/arch              = unknown
/usr/bin/arch -k       = unknown
/usr/convex/getsysinfo = unknown
hostinfo               = unknown
/bin/machine           = unknown
/usr/bin/oslevel       = unknown
/bin/universe          = unknown

PATH: /usr/lib/lightdm/lightdm
PATH: /usr/local/sbin
PATH: /usr/local/bin
PATH: /usr/sbin
PATH: /usr/bin
PATH: /sbin
PATH: /bin
PATH: /usr/games
PATH: /usr/java/bin
PATH: /home/dima/Development/RuntimeQNX/bin
PATH: /usr/java/bin
PATH: /home/dima/Development/RuntimeQNX/bin


## ----------- ##
## Core tests. ##
## ----------- ##

configure:1354: checking build system type
configure:1372: result: i686-pc-linux-gnu
configure:1380: checking host system type
configure:1394: result: i686-pc-linux-gnu
configure:1402: checking target system type
configure:1416: result: i686-pc-linux-gnu
configure:1446: checking for a BSD-compatible install
configure:1501: result: /usr/bin/install -c
configure:1512: checking whether build environment is sane
configure:1555: result: yes
configure:1620: checking for gawk
configure:1636: found /usr/bin/gawk
configure:1646: result: gawk
configure:1656: checking whether make sets $(MAKE)
configure:1676: result: yes
configure:1894: checking for gcc
configure:1910: found /usr/bin/gcc
configure:1920: result: gcc
configure:2164: checking for C compiler version
configure:2167: gcc --version </dev/null >&5
gcc (Ubuntu/Linaro 4.6.3-1ubuntu5) 4.6.3
Copyright (C) 2011 Free Software Foundation, Inc.
This is free software; see the source for copying conditions.  There is NO
warranty; not even for MERCHANTABILITY or FITNESS FOR A PARTICULAR PURPOSE.

configure:2170: $? = 0
configure:2172: gcc -v </dev/null >&5
Using built-in specs.
COLLECT_GCC=gcc
COLLECT_LTO_WRAPPER=/usr/lib/gcc/i686-linux-gnu/4.6/lto-wrapper
Target: i686-linux-gnu
Configured with: ../src/configure -v --with-pkgversion='Ubuntu/Linaro 4.6.3-1ubuntu5' --with-bugurl=file:///usr/share/doc/gcc-4.6/README.Bugs --enable-languages=c,c++,fortran,objc,obj-c++ --prefix=/usr --program-suffix=-4.6 --enable-shared --enable-linker-build-id --with-system-zlib --libexecdir=/usr/lib --without-included-gettext --enable-threads=posix --with-gxx-include-dir=/usr/include/c++/4.6 --libdir=/usr/lib --enable-nls --with-sysroot=/ --enable-clocale=gnu --enable-libstdcxx-debug --enable-libstdcxx-time=yes --enable-gnu-unique-object --enable-plugin --enable-objc-gc --enable-targets=all --disable-werror --with-arch-32=i686 --with-tune=generic --enable-checking=release --build=i686-linux-gnu --host=i686-linux-gnu --target=i686-linux-gnu
Thread model: posix
gcc version 4.6.3 (Ubuntu/Linaro 4.6.3-1ubuntu5) 
configure:2175: $? = 0
configure:2177: gcc -V </dev/null >&5
gcc: error: unrecognized option '-V'
gcc: fatal error: no input files
compilation terminated.
configure:2180: $? = 4
configure:2203: checking for C compiler default output file name
configure:2206: gcc    conftest.c  >&5
configure:2209: $? = 0
configure:2255: result: a.out
configure:2260: checking whether the C compiler works
configure:2266: ./a.out
configure:2269: $? = 0
configure:2286: result: yes
configure:2293: checking whether we are cross compiling
configure:2295: result: no
configure:2298: checking for suffix of executables
configure:2300: gcc -o conftest    conftest.c  >&5
configure:2303: $? = 0
configure:2328: result: 
configure:2334: checking for suffix of object files
configure:2355: gcc -c   conftest.c >&5
configure:2358: $? = 0
configure:2380: result: o
configure:2384: checking whether we are using the GNU C compiler
configure:2408: gcc -c   conftest.c >&5
configure:2414: $? = 0
configure:2418: test -z 
			 || test ! -s conftest.err
configure:2421: $? = 0
configure:2424: test -s conftest.o
configure:2427: $? = 0
configure:2440: result: yes
configure:2446: checking whether gcc accepts -g
configure:2467: gcc -c -g  conftest.c >&5
configure:2473: $? = 0
configure:2477: test -z 
			 || test ! -s conftest.err
configure:2480: $? = 0
configure:2483: test -s conftest.o
configure:2486: $? = 0
configure:2497: result: yes
configure:2514: checking for gcc option to accept ANSI C
configure:2584: gcc  -c -g -O2  conftest.c >&5
configure:2590: $? = 0
configure:2594: test -z 
			 || test ! -s conftest.err
configure:2597: $? = 0
configure:2600: test -s conftest.o
configure:2603: $? = 0
configure:2621: result: none needed
configure:2639: gcc -c -g -O2  conftest.c >&5
conftest.c:2:3: error: unknown type name 'choke'
conftest.c:2:3: error: expected '=', ',', ';', 'asm' or '__attribute__' at end of input
configure:2645: $? = 1
configure: failed program was:
| #ifndef __cplusplus
|   choke me
| #endif
configure:2789: checking for style of include used by make
configure:2817: result: GNU
configure:2845: checking dependency style of gcc
configure:2935: result: gcc3
configure:2965: checking for a BSD-compatible install
configure:3020: result: /usr/bin/install -c
configure:3035: checking for bison
configure:3051: found /usr/bin/bison
configure:3061: result: bison -y
configure:3077: checking for flex
configure:3093: found /usr/bin/flex
configure:3103: result: flex
configure:3116: checking for yywrap in -lfl
configure:3146: gcc -o conftest -g -O2   conftest.c -lfl   >&5
configure:3152: $? = 0
configure:3156: test -z 
			 || test ! -s conftest.err
configure:3159: $? = 0
configure:3162: test -s conftest
configure:3165: $? = 0
configure:3178: result: yes
configure:3256: checking lex output file root
configure:3267: flex conftest.l
configure:3270: $? = 0
configure:3282: result: lex.yy
configure:3287: checking whether yytext is a pointer
configure:3303: gcc -o conftest -g -O2   conftest.c  -lfl >&5
configure:3309: $? = 0
configure:3313: test -z 
			 || test ! -s conftest.err
configure:3316: $? = 0
configure:3319: test -s conftest
configure:3322: $? = 0
configure:3336: result: yes
configure:3353: checking for tputs in -ltermcap
configure:3383: gcc -o conftest -g -O2   conftest.c -ltermcap   >&5
/usr/bin/ld: cannot find -ltermcap
collect2: ld returned 1 exit status
configure:3389: $? = 1
configure: failed program was:
| /* confdefs.h.  */
| 
| #define PACKAGE_NAME "avrdude"
| #define PACKAGE_TARNAME "avrdude"
| #define PACKAGE_VERSION "5.3.1"
| #define PACKAGE_STRING "avrdude 5.3.1"
| #define PACKAGE_BUGREPORT "avrdude-dev@nongnu.org"
| #define PACKAGE "avrdude"
| #define VERSION "5.3.1"
| #define YYTEXT_POINTER 1
| /* end confdefs.h.  */
| 
| /* Override any gcc2 internal prototype to avoid an error.  */
| #ifdef __cplusplus
| extern "C"
| #endif
| /* We use char because int might match the return type of a gcc2
|    builtin and then its argument prototype would still apply.  */
| char tputs ();
| int
| main ()
| {
| tputs ();
|   ;
|   return 0;
| }
configure:3415: result: no
configure:3427: checking for tputs in -lncurses
configure:3457: gcc -o conftest -g -O2   conftest.c -lncurses   >&5
/usr/bin/ld: cannot find -lncurses
collect2: ld returned 1 exit status
configure:3463: $? = 1
configure: failed program was:
| /* confdefs.h.  */
| 
| #define PACKAGE_NAME "avrdude"
| #define PACKAGE_TARNAME "avrdude"
| #define PACKAGE_VERSION "5.3.1"
| #define PACKAGE_STRING "avrdude 5.3.1"
| #define PACKAGE_BUGREPORT "avrdude-dev@nongnu.org"
| #define PACKAGE "avrdude"
| #define VERSION "5.3.1"
| #define YYTEXT_POINTER 1
| /* end confdefs.h.  */
| 
| /* Override any gcc2 internal prototype to avoid an error.  */
| #ifdef __cplusplus
| extern "C"
| #endif
| /* We use char because int might match the return type of a gcc2
|    builtin and then its argument prototype would still apply.  */
| char tputs ();
| int
| main ()
| {
| tputs ();
|   ;
|   return 0;
| }
configure:3489: result: no
configure:3501: checking for readline in -lreadline
configure:3531: gcc -o conftest -g -O2   conftest.c -lreadline   >&5
/usr/bin/ld: cannot find -lreadline
collect2: ld returned 1 exit status
configure:3537: $? = 1
configure: failed program was:
| /* confdefs.h.  */
| 
| #define PACKAGE_NAME "avrdude"
| #define PACKAGE_TARNAME "avrdude"
| #define PACKAGE_VERSION "5.3.1"
| #define PACKAGE_STRING "avrdude 5.3.1"
| #define PACKAGE_BUGREPORT "avrdude-dev@nongnu.org"
| #define PACKAGE "avrdude"
| #define VERSION "5.3.1"
| #define YYTEXT_POINTER 1
| /* end confdefs.h.  */
| 
| /* Override any gcc2 internal prototype to avoid an error.  */
| #ifdef __cplusplus
| extern "C"
| #endif
| /* We use char because int might match the return type of a gcc2
|    builtin and then its argument prototype would still apply.  */
| char readline ();
| int
| main ()
| {
| readline ();
|   ;
|   return 0;
| }
configure:3563: result: no
configure:3576: checking for usb_get_string_simple in -lusb
configure:3606: gcc -o conftest -g -O2   conftest.c -lusb   >&5
configure:3612: $? = 0
configure:3616: test -z 
			 || test ! -s conftest.err
configure:3619: $? = 0
configure:3622: test -s conftest
configure:3625: $? = 0
configure:3638: result: yes
configure:3661: checking for a Win32 HID libray
configure:3702: gcc -o conftest -g -O2   conftest.c  -lhid >&5
conftest.c:13:21: fatal error: windows.h: No such file or directory
compilation terminated.
configure:3705: $? = 1
configure: program exited with status 1
configure: failed program was:
| /* confdefs.h.  */
| 
| #define PACKAGE_NAME "avrdude"
| #define PACKAGE_TARNAME "avrdude"
| #define PACKAGE_VERSION "5.3.1"
| #define PACKAGE_STRING "avrdude 5.3.1"
| #define PACKAGE_BUGREPORT "avrdude-dev@nongnu.org"
| #define PACKAGE "avrdude"
| #define VERSION "5.3.1"
| #define YYTEXT_POINTER 1
| #define HAVE_LIBUSB 1
| /* end confdefs.h.  */
| #include <windows.h>
| #include <setupapi.h>
| #include "my_ddk_hidsdi.h"
| 
| int
| main(void)
| {
|     GUID hidGuid;
|     HidD_GetHidGuid(&hidGuid);
| 
|     return 0;
| }
| 
configure:3723: result: no
configure:3741: checking how to run the C preprocessor
configure:3776: gcc -E  conftest.c
configure:3782: $? = 0
configure:3814: gcc -E  conftest.c
conftest.c:13:28: fatal error: ac_nonexistent.h: No such file or directory
compilation terminated.
configure:3820: $? = 1
configure: failed program was:
| /* confdefs.h.  */
| 
| #define PACKAGE_NAME "avrdude"
| #define PACKAGE_TARNAME "avrdude"
| #define PACKAGE_VERSION "5.3.1"
| #define PACKAGE_STRING "avrdude 5.3.1"
| #define PACKAGE_BUGREPORT "avrdude-dev@nongnu.org"
| #define PACKAGE "avrdude"
| #define VERSION "5.3.1"
| #define YYTEXT_POINTER 1
| #define HAVE_LIBUSB 1
| /* end confdefs.h.  */
| #include <ac_nonexistent.h>
configure:3859: result: gcc -E
configure:3883: gcc -E  conftest.c
configure:3889: $? = 0
configure:3921: gcc -E  conftest.c
conftest.c:13:28: fatal error: ac_nonexistent.h: No such file or directory
compilation terminated.
configure:3927: $? = 1
configure: failed program was:
| /* confdefs.h.  */
| 
| #define PACKAGE_NAME "avrdude"
| #define PACKAGE_TARNAME "avrdude"
| #define PACKAGE_VERSION "5.3.1"
| #define PACKAGE_STRING "avrdude 5.3.1"
| #define PACKAGE_BUGREPORT "avrdude-dev@nongnu.org"
| #define PACKAGE "avrdude"
| #define VERSION "5.3.1"
| #define YYTEXT_POINTER 1
| #define HAVE_LIBUSB 1
| /* end confdefs.h.  */
| #include <ac_nonexistent.h>
configure:3971: checking for egrep
configure:3981: result: grep -E
configure:3986: checking for ANSI C header files
configure:4011: gcc -c -g -O2  conftest.c >&5
configure:4017: $? = 0
configure:4021: test -z 
			 || test ! -s conftest.err
configure:4024: $? = 0
configure:4027: test -s conftest.o
configure:4030: $? = 0
configure:4119: gcc -o conftest -g -O2   conftest.c  >&5
conftest.c: In function 'main':
conftest.c:30:7: warning: incompatible implicit declaration of built-in function 'exit' [enabled by default]
configure:4122: $? = 0
configure:4124: ./conftest
configure:4127: $? = 0
configure:4142: result: yes
configure:4166: checking for sys/types.h
configure:4182: gcc -c -g -O2  conftest.c >&5
configure:4188: $? = 0
configure:4192: test -z 
			 || test ! -s conftest.err
configure:4195: $? = 0
configure:4198: test -s conftest.o
configure:4201: $? = 0
configure:4212: result: yes
configure:4166: checking for sys/stat.h
configure:4182: gcc -c -g -O2  conftest.c >&5
configure:4188: $? = 0
configure:4192: test -z 
			 || test ! -s conftest.err
configure:4195: $? = 0
configure:4198: test -s conftest.o
configure:4201: $? = 0
configure:4212: result: yes
configure:4166: checking for stdlib.h
configure:4182: gcc -c -g -O2  conftest.c >&5
configure:4188: $? = 0
configure:4192: test -z 
			 || test ! -s conftest.err
configure:4195: $? = 0
configure:4198: test -s conftest.o
configure:4201: $? = 0
configure:4212: result: yes
configure:4166: checking for string.h
configure:4182: gcc -c -g -O2  conftest.c >&5
configure:4188: $? = 0
configure:4192: test -z 
			 || test ! -s conftest.err
configure:4195: $? = 0
configure:4198: test -s conftest.o
configure:4201: $? = 0
configure:4212: result: yes
configure:4166: checking for memory.h
configure:4182: gcc -c -g -O2  conftest.c >&5
configure:4188: $? = 0
configure:4192: test -z 
			 || test ! -s conftest.err
configure:4195: $? = 0
configure:4198: test -s conftest.o
configure:4201: $? = 0
configure:4212: result: yes
configure:4166: checking for strings.h
configure:4182: gcc -c -g -O2  conftest.c >&5
configure:4188: $? = 0
configure:4192: test -z 
			 || test ! -s conftest.err
configure:4195: $? = 0
configure:4198: test -s conftest.o
configure:4201: $? = 0
configure:4212: result: yes
configure:4166: checking for inttypes.h
configure:4182: gcc -c -g -O2  conftest.c >&5
configure:4188: $? = 0
configure:4192: test -z 
			 || test ! -s conftest.err
configure:4195: $? = 0
configure:4198: test -s conftest.o
configure:4201: $? = 0
configure:4212: result: yes
configure:4166: checking for stdint.h
configure:4182: gcc -c -g -O2  conftest.c >&5
configure:4188: $? = 0
configure:4192: test -z 
			 || test ! -s conftest.err
configure:4195: $? = 0
configure:4198: test -s conftest.o
configure:4201: $? = 0
configure:4212: result: yes
configure:4166: checking for unistd.h
configure:4182: gcc -c -g -O2  conftest.c >&5
configure:4188: $? = 0
configure:4192: test -z 
			 || test ! -s conftest.err
configure:4195: $? = 0
configure:4198: test -s conftest.o
configure:4201: $? = 0
configure:4212: result: yes
configure:4240: checking limits.h usability
configure:4252: gcc -c -g -O2  conftest.c >&5
configure:4258: $? = 0
configure:4262: test -z 
			 || test ! -s conftest.err
configure:4265: $? = 0
configure:4268: test -s conftest.o
configure:4271: $? = 0
configure:4281: result: yes
configure:4285: checking limits.h presence
configure:4295: gcc -E  conftest.c
configure:4301: $? = 0
configure:4321: result: yes
configure:4356: checking for limits.h
configure:4363: result: yes
configure:4231: checking for stdlib.h
configure:4236: result: yes
configure:4231: checking for string.h
configure:4236: result: yes
configure:4394: checking fcntl.h usability
configure:4406: gcc -c -g -O2  conftest.c >&5
configure:4412: $? = 0
configure:4416: test -z 
			 || test ! -s conftest.err
configure:4419: $? = 0
configure:4422: test -s conftest.o
configure:4425: $? = 0
configure:4435: result: yes
configure:4439: checking fcntl.h presence
configure:4449: gcc -E  conftest.c
configure:4455: $? = 0
configure:4475: result: yes
configure:4510: checking for fcntl.h
configure:4517: result: yes
configure:4394: checking sys/ioctl.h usability
configure:4406: gcc -c -g -O2  conftest.c >&5
configure:4412: $? = 0
configure:4416: test -z 
			 || test ! -s conftest.err
configure:4419: $? = 0
configure:4422: test -s conftest.o
configure:4425: $? = 0
configure:4435: result: yes
configure:4439: checking sys/ioctl.h presence
configure:4449: gcc -E  conftest.c
configure:4455: $? = 0
configure:4475: result: yes
configure:4510: checking for sys/ioctl.h
configure:4517: result: yes
configure:4394: checking sys/time.h usability
configure:4406: gcc -c -g -O2  conftest.c >&5
configure:4412: $? = 0
configure:4416: test -z 
			 || test ! -s conftest.err
configure:4419: $? = 0
configure:4422: test -s conftest.o
configure:4425: $? = 0
configure:4435: result: yes
configure:4439: checking sys/time.h presence
configure:4449: gcc -E  conftest.c
configure:4455: $? = 0
configure:4475: result: yes
configure:4510: checking for sys/time.h
configure:4517: result: yes
configure:4394: checking termios.h usability
configure:4406: gcc -c -g -O2  conftest.c >&5
configure:4412: $? = 0
configure:4416: test -z 
			 || test ! -s conftest.err
configure:4419: $? = 0
configure:4422: test -s conftest.o
configure:4425: $? = 0
configure:4435: result: yes
configure:4439: checking termios.h presence
configure:4449: gcc -E  conftest.c
configure:4455: $? = 0
configure:4475: result: yes
configure:4510: checking for termios.h
configure:4517: result: yes
configure:4385: checking for unistd.h
configure:4390: result: yes
configure:4534: checking for ddk/hidsdi.h
configure:4551: gcc -c -g -O2  conftest.c >&5
conftest.c:31:21: fatal error: windows.h: No such file or directory
compilation terminated.
configure:4557: $? = 1
configure: failed program was:
| /* confdefs.h.  */
| 
| #define PACKAGE_NAME "avrdude"
| #define PACKAGE_TARNAME "avrdude"
| #define PACKAGE_VERSION "5.3.1"
| #define PACKAGE_STRING "avrdude 5.3.1"
| #define PACKAGE_BUGREPORT "avrdude-dev@nongnu.org"
| #define PACKAGE "avrdude"
| #define VERSION "5.3.1"
| #define YYTEXT_POINTER 1
| #define HAVE_LIBUSB 1
| #define STDC_HEADERS 1
| #define HAVE_SYS_TYPES_H 1
| #define HAVE_SYS_STAT_H 1
| #define HAVE_STDLIB_H 1
| #define HAVE_STRING_H 1
| #define HAVE_MEMORY_H 1
| #define HAVE_STRINGS_H 1
| #define HAVE_INTTYPES_H 1
| #define HAVE_STDINT_H 1
| #define HAVE_UNISTD_H 1
| #define HAVE_LIMITS_H 1
| #define HAVE_STDLIB_H 1
| #define HAVE_STRING_H 1
| #define HAVE_FCNTL_H 1
| #define HAVE_SYS_IOCTL_H 1
| #define HAVE_SYS_TIME_H 1
| #define HAVE_TERMIOS_H 1
| #define HAVE_UNISTD_H 1
| /* end confdefs.h.  */
| #include <windows.h>
| #include <setupapi.h>
| 
| #include <ddk/hidsdi.h>
configure:4581: result: no
configure:4594: checking for an ANSI C-conforming const
configure:4661: gcc -c -g -O2  conftest.c >&5
configure:4667: $? = 0
configure:4671: test -z 
			 || test ! -s conftest.err
configure:4674: $? = 0
configure:4677: test -s conftest.o
configure:4680: $? = 0
configure:4691: result: yes
configure:4701: checking whether time.h and sys/time.h may both be included
configure:4726: gcc -c -g -O2  conftest.c >&5
configure:4732: $? = 0
configure:4736: test -z 
			 || test ! -s conftest.err
configure:4739: $? = 0
configure:4742: test -s conftest.o
configure:4745: $? = 0
configure:4756: result: yes
configure:4769: checking whether gcc needs -traditional
configure:4811: result: no
configure:4823: checking for stdlib.h
configure:4828: result: yes
configure:4968: checking for GNU libc compatible malloc
configure:4997: gcc -o conftest -g -O2   conftest.c  >&5
configure:5000: $? = 0
configure:5002: ./conftest
configure:5005: $? = 0
configure:5019: result: yes
configure:5061: checking for memset
configure:5118: gcc -o conftest -g -O2   conftest.c  >&5
conftest.c:58:6: warning: conflicting types for built-in function 'memset' [enabled by default]
configure:5124: $? = 0
configure:5128: test -z 
			 || test ! -s conftest.err
configure:5131: $? = 0
configure:5134: test -s conftest
configure:5137: $? = 0
configure:5149: result: yes
configure:5061: checking for select
configure:5118: gcc -o conftest -g -O2   conftest.c  >&5
configure:5124: $? = 0
configure:5128: test -z 
			 || test ! -s conftest.err
configure:5131: $? = 0
configure:5134: test -s conftest
configure:5137: $? = 0
configure:5149: result: yes
configure:5061: checking for strcasecmp
configure:5118: gcc -o conftest -g -O2   conftest.c  >&5
conftest.c:60:6: warning: conflicting types for built-in function 'strcasecmp' [enabled by default]
configure:5124: $? = 0
configure:5128: test -z 
			 || test ! -s conftest.err
configure:5131: $? = 0
configure:5134: test -s conftest
configure:5137: $? = 0
configure:5149: result: yes
configure:5061: checking for strdup
configure:5118: gcc -o conftest -g -O2   conftest.c  >&5
conftest.c:61:6: warning: conflicting types for built-in function 'strdup' [enabled by default]
configure:5124: $? = 0
configure:5128: test -z 
			 || test ! -s conftest.err
configure:5131: $? = 0
configure:5134: test -s conftest
configure:5137: $? = 0
configure:5149: result: yes
configure:5061: checking for strerror
configure:5118: gcc -o conftest -g -O2   conftest.c  >&5
configure:5124: $? = 0
configure:5128: test -z 
			 || test ! -s conftest.err
configure:5131: $? = 0
configure:5134: test -s conftest
configure:5137: $? = 0
configure:5149: result: yes
configure:5061: checking for strncasecmp
configure:5118: gcc -o conftest -g -O2   conftest.c  >&5
conftest.c:63:6: warning: conflicting types for built-in function 'strncasecmp' [enabled by default]
configure:5124: $? = 0
configure:5128: test -z 
			 || test ! -s conftest.err
configure:5131: $? = 0
configure:5134: test -s conftest
configure:5137: $? = 0
configure:5149: result: yes
configure:5061: checking for strtol
configure:5118: gcc -o conftest -g -O2   conftest.c  >&5
configure:5124: $? = 0
configure:5128: test -z 
			 || test ! -s conftest.err
configure:5131: $? = 0
configure:5134: test -s conftest
configure:5137: $? = 0
configure:5149: result: yes
configure:5061: checking for strtoul
configure:5118: gcc -o conftest -g -O2   conftest.c  >&5
configure:5124: $? = 0
configure:5128: test -z 
			 || test ! -s conftest.err
configure:5131: $? = 0
configure:5134: test -s conftest
configure:5137: $? = 0
configure:5149: result: yes
configure:5061: checking for gettimeofday
configure:5118: gcc -o conftest -g -O2   conftest.c  >&5
configure:5124: $? = 0
configure:5128: test -z 
			 || test ! -s conftest.err
configure:5131: $? = 0
configure:5134: test -s conftest
configure:5137: $? = 0
configure:5149: result: yes
configure:5262: checking for parallel device
configure:5269: result: /dev/parport0
configure:5276: checking for serial device
configure:5278: result: /dev/ttyS0
configure:5440: creating ./config.status

## ---------------------- ##
## Running config.status. ##
## ---------------------- ##

This file was extended by avrdude config.status 5.3.1, which was
generated by GNU Autoconf 2.59.  Invocation command line was

  CONFIG_FILES    = 
  CONFIG_HEADERS  = 
  CONFIG_LINKS    = 
  CONFIG_COMMANDS = 
  $ ./config.status 

on Ardar

config.status:717: creating windows/Makefile
config.status:717: creating avrdude.spec
config.status:717: creating Makefile
config.status:717: creating avrdude.conf.tmp
config.status:825: creating ac_cfg.h
config.status:1175: executing depfiles commands

## ---------------- ##
## Cache variables. ##
## ---------------- ##

ac_cv_build=i686-pc-linux-gnu
ac_cv_build_alias=i686-pc-linux-gnu
ac_cv_c_compiler_gnu=yes
ac_cv_c_const=yes
ac_cv_env_CC_set=
ac_cv_env_CC_value=
ac_cv_env_CFLAGS_set=
ac_cv_env_CFLAGS_value=
ac_cv_env_CPPFLAGS_set=
ac_cv_env_CPPFLAGS_value=
ac_cv_env_CPP_set=
ac_cv_env_CPP_value=
ac_cv_env_LDFLAGS_set=
ac_cv_env_LDFLAGS_value=
ac_cv_env_build_alias_set=
ac_cv_env_build_alias_value=
ac_cv_env_host_alias_set=
ac_cv_env_host_alias_value=
ac_cv_env_target_alias_set=
ac_cv_env_target_alias_value=
ac_cv_exeext=
ac_cv_func_gettimeofday=yes
ac_cv_func_malloc_0_nonnull=yes
ac_cv_func_memset=yes
ac_cv_func_select=yes
ac_cv_func_strcasecmp=yes
ac_cv_func_strdup=yes
ac_cv_func_strerror=yes
ac_cv_func_strncasecmp=yes
ac_cv_func_strtol=yes
ac_cv_func_strtoul=yes
ac_cv_header_ddk_hidsdi_h=no
ac_cv_header_fcntl_h=yes
ac_cv_header_inttypes_h=yes
ac_cv_header_limits_h=yes
ac_cv_header_memory_h=yes
ac_cv_header_stdc=yes
ac_cv_header_stdint_h=yes
ac_cv_header_stdlib_h=yes
ac_cv_header_string_h=yes
ac_cv_header_strings_h=yes
ac_cv_header_sys_ioctl_h=yes
ac_cv_header_sys_stat_h=yes
ac_cv_header_sys_time_h=yes
ac_cv_header_sys_types_h=yes
ac_cv_header_termios_h=yes
ac_cv_header_time=yes
ac_cv_header_unistd_h=yes
ac_cv_host=i686-pc-linux-gnu
ac_cv_host_alias=i686-pc-linux-gnu
ac_cv_lib_fl_yywrap=yes
ac_cv_lib_ncurses_tputs=no
ac_cv_lib_readline_readline=no
ac_cv_lib_termcap_tputs=no
ac_cv_lib_usb_usb_get_string_simple=yes
ac_cv_objext=o
ac_cv_path_install='/usr/bin/install -c'
ac_cv_prog_AWK=gawk
ac_cv_prog_CPP='gcc -E'
ac_cv_prog_LEX=flex
ac_cv_prog_YACC='bison -y'
ac_cv_prog_ac_ct_CC=gcc
ac_cv_prog_cc_g=yes
ac_cv_prog_cc_stdc=
ac_cv_prog_egrep='grep -E'
ac_cv_prog_gcc_traditional=no
ac_cv_prog_lex_root=lex.yy
ac_cv_prog_lex_yytext_pointer=yes
ac_cv_prog_make_make_set=yes
ac_cv_target=i686-pc-linux-gnu
ac_cv_target_alias=i686-pc-linux-gnu
am_cv_CC_dependencies_compiler_type=gcc3

## ----------------- ##
## Output variables. ##
## ----------------- ##

ACLOCAL='${SHELL} /home/dima/Development/avrdude/avrdude-5.3.1/missing --run aclocal-1.9'
AMDEPBACKSLASH='\'
AMDEP_FALSE='#'
AMDEP_TRUE=''
AMTAR='${SHELL} /home/dima/Development/avrdude/avrdude-5.3.1/missing --run tar'
AUTOCONF='${SHELL} /home/dima/Development/avrdude/avrdude-5.3.1/missing --run autoconf'
AUTOHEADER='${SHELL} /home/dima/Development/avrdude/avrdude-5.3.1/missing --run autoheader'
AUTOMAKE='${SHELL} /home/dima/Development/avrdude/avrdude-5.3.1/missing --run automake-1.9'
AWK='gawk'
CC='gcc'
CCDEPMODE='depmode=gcc3'
CFLAGS='-g -O2'
CPP='gcc -E'
CPPFLAGS=''
CYGPATH_W='echo'
DEFAULT_PAR_PORT='/dev/parport0'
DEFAULT_SER_PORT='/dev/ttyS0'
DEFS='-DHAVE_CONFIG_H'
DEPDIR='.deps'
DIST_SUBDIRS_AC='windows'
DOC_INST_DIR='$(DESTDIR)$(datadir)/doc/avrdude-$(VERSION)'
ECHO_C=''
ECHO_N='-n'
ECHO_T=''
EGREP='grep -E'
ENABLE_WARNINGS='-Wall'
EXEEXT=''
INSTALL_DATA='${INSTALL} -m 644'
INSTALL_PROGRAM='${INSTALL}'
INSTALL_SCRIPT='${INSTALL}'
INSTALL_STRIP_PROGRAM='${SHELL} $(install_sh) -c -s'
LDFLAGS=''
LEX='flex'
LEXLIB='-lfl'
LEX_OUTPUT_ROOT='lex.yy'
LIBOBJS=''
LIBS=''
LIBUSB='-lusb'
LTLIBOBJS=''
MAKEINFO='${SHELL} /home/dima/Development/avrdude/avrdude-5.3.1/missing --run makeinfo'
OBJEXT='o'
PACKAGE='avrdude'
PACKAGE_BUGREPORT='avrdude-dev@nongnu.org'
PACKAGE_NAME='avrdude'
PACKAGE_STRING='avrdude 5.3.1'
PACKAGE_TARNAME='avrdude'
PACKAGE_VERSION='5.3.1'
PATH_SEPARATOR=':'
SET_MAKE=''
SHELL='/bin/bash'
STRIP=''
SUBDIRS_AC='@WINDOWS_DIRS@'
VERSION='5.3.1'
WINDOWS_DIRS=''
YACC='bison -y'
ac_ct_CC='gcc'
ac_ct_STRIP=''
am__fastdepCC_FALSE='#'
am__fastdepCC_TRUE=''
am__include='include'
am__leading_dot='.'
am__quote=''
am__tar='${AMTAR} chof - "$$tardir"'
am__untar='${AMTAR} xf -'
bindir='${exec_prefix}/bin'
build='i686-pc-linux-gnu'
build_alias=''
build_cpu='i686'
build_os='linux-gnu'
build_vendor='pc'
datadir='${prefix}/share'
exec_prefix='${prefix}'
host='i686-pc-linux-gnu'
host_alias=''
host_cpu='i686'
host_os='linux-gnu'
host_vendor='pc'
includedir='${prefix}/include'
infodir='${prefix}/info'
install_sh='/home/dima/Development/avrdude/avrdude-5.3.1/install-sh'
libdir='${exec_prefix}/lib'
libexecdir='${exec_prefix}/libexec'
localstatedir='${prefix}/var'
mandir='${prefix}/man'
mkdir_p='mkdir -p --'
oldincludedir='/usr/include'
prefix='/usr/local'
program_transform_name='s,x,x,'
sbindir='${exec_prefix}/sbin'
sharedstatedir='${prefix}/com'
sysconfdir='${prefix}/etc'
target='i686-pc-linux-gnu'
target_alias=''
target_cpu='i686'
target_os='linux-gnu'
target_vendor='pc'

## ----------- ##
## confdefs.h. ##
## ----------- ##

#define HAVE_FCNTL_H 1
#define HAVE_GETTIMEOFDAY 1
#define HAVE_INTTYPES_H 1
#define HAVE_LIBUSB 1
#define HAVE_LIMITS_H 1
#define HAVE_MALLOC 1
#define HAVE_MEMORY_H 1
#define HAVE_MEMSET 1
#define HAVE_PARPORT 1
#define HAVE_SELECT 1
#define HAVE_STDINT_H 1
#define HAVE_STDLIB_H 1
#define HAVE_STDLIB_H 1
#define HAVE_STDLIB_H 1
#define HAVE_STRCASECMP 1
#define HAVE_STRDUP 1
#define HAVE_STRERROR 1
#define HAVE_STRINGS_H 1
#define HAVE_STRING_H 1
#define HAVE_STRING_H 1
#define HAVE_STRNCASECMP 1
#define HAVE_STRTOL 1
#define HAVE_STRTOUL 1
#define HAVE_SYS_IOCTL_H 1
#define HAVE_SYS_STAT_H 1
#define HAVE_SYS_TIME_H 1
#define HAVE_SYS_TYPES_H 1
#define HAVE_TERMIOS_H 1
#define HAVE_UNISTD_H 1
#define HAVE_UNISTD_H 1
#define PACKAGE "avrdude"
#define PACKAGE_BUGREPORT "avrdude-dev@nongnu.org"
#define PACKAGE_NAME "avrdude"
#define PACKAGE_STRING "avrdude 5.3.1"
#define PACKAGE_TARNAME "avrdude"
#define PACKAGE_VERSION "5.3.1"
#define STDC_HEADERS 1
#define TIME_WITH_SYS_TIME 1
#define VERSION "5.3.1"
#define YYTEXT_POINTER 1

configure: exit 0
